2026-05-30 11:46:26.987 [background-preinit] INFO  o.h.validator.internal.util.Version [requestId=] - HV000001: Hibernate Validator 8.0.3.Final
2026-05-30 11:46:27.192 [main] INFO  c.d.grcpc.GrcpcApiApplicationTests [requestId=] - Starting GrcpcApiApplicationTests using Java 21.0.7 with PID 80 (started by root in /workspace/grcpc-app)
2026-05-30 11:46:27.193 [main] DEBUG c.d.grcpc.GrcpcApiApplicationTests [requestId=] - Running with Spring Boot v3.5.9, Spring v6.2.15
2026-05-30 11:46:27.195 [main] INFO  c.d.grcpc.GrcpcApiApplicationTests [requestId=] - No active profile set, falling back to 1 default profile: "default"
2026-05-30 11:46:37.972 [main] INFO  o.s.d.r.c.RepositoryConfigurationDelegate [requestId=] - Bootstrapping Spring Data JPA repositories in DEFAULT mode.
2026-05-30 11:46:42.486 [main] INFO  o.s.d.r.c.RepositoryConfigurationDelegate [requestId=] - Finished Spring Data repository scanning in 4448 ms. Found 27 JPA repository interfaces.
2026-05-30 11:46:46.470 [main] INFO  com.zaxxer.hikari.HikariDataSource [requestId=] - HikariPool-1 - Starting...
2026-05-30 11:46:48.172 [main] WARN  o.s.w.c.s.GenericWebApplicationContext [requestId=] - Exception encountered during context initialization - cancelling refresh attempt: org.springframework.beans.factory.BeanCreationException: Error creating bean with name 'entityManagerFactory' defined in class path resource [org/springframework/boot/autoconfigure/orm/jpa/HibernateJpaConfiguration.class]: Failed to initialize dependency 'flyway' of LoadTimeWeaverAware bean 'entityManagerFactory': Error creating bean with name 'flyway' defined in class path resource [org/springframework/boot/autoconfigure/flyway/FlywayAutoConfiguration$FlywayConfiguration.class]: Failed to instantiate [org.flywaydb.core.Flyway]: Factory method 'flyway' threw exception with message: org.springframework.jdbc.support.MetaDataAccessException: Could not get Connection for extracting meta-data
2026-05-30 11:46:48.214 [main] INFO  o.s.b.a.l.ConditionEvaluationReportLogger [requestId=] - 

Error starting ApplicationContext. To display the condition evaluation report re-run your application with 'debug' enabled.
2026-05-30 11:46:48.382 [main] ERROR o.s.boot.SpringApplication [requestId=] - Application run failed
org.springframework.beans.factory.BeanCreationException: Error creating bean with name 'entityManagerFactory' defined in class path resource [org/springframework/boot/autoconfigure/orm/jpa/HibernateJpaConfiguration.class]: Failed to initialize dependency 'flyway' of LoadTimeWeaverAware bean 'entityManagerFactory': Error creating bean with name 'flyway' defined in class path resource [org/springframework/boot/autoconfigure/flyway/FlywayAutoConfiguration$FlywayConfiguration.class]: Failed to instantiate [org.flywaydb.core.Flyway]: Factory method 'flyway' threw exception with message: org.springframework.jdbc.support.MetaDataAccessException: Could not get Connection for extracting meta-data
	at org.springframework.beans.factory.support.AbstractBeanFactory.doGetBean(AbstractBeanFactory.java:328)
	at org.springframework.beans.factory.support.AbstractBeanFactory.getBean(AbstractBeanFactory.java:207)
	at org.springframework.context.support.AbstractApplicationContext.finishBeanFactoryInitialization(AbstractApplicationContext.java:973)
	at org.springframework.context.support.AbstractApplicationContext.refresh(AbstractApplicationContext.java:627)
	at org.springframework.boot.SpringApplication.refresh(SpringApplication.java:752)
	at org.springframework.boot.SpringApplication.refreshContext(SpringApplication.java:439)
	at org.springframework.boot.SpringApplication.run(SpringApplication.java:318)
	at org.springframework.boot.test.context.SpringBootContextLoader.lambda$loadContext$3(SpringBootContextLoader.java:152)
	at org.springframework.util.function.ThrowingSupplier.get(ThrowingSupplier.java:58)
	at org.springframework.util.function.ThrowingSupplier.get(ThrowingSupplier.java:46)
	at org.springframework.boot.SpringApplication.withHook(SpringApplication.java:1461)
	at org.springframework.boot.test.context.SpringBootContextLoader$ContextLoaderHook.run(SpringBootContextLoader.java:595)
	at org.springframework.boot.test.context.SpringBootContextLoader.loadContext(SpringBootContextLoader.java:152)
	at org.springframework.boot.test.context.SpringBootContextLoader.loadContext(SpringBootContextLoader.java:111)
	at org.springframework.test.context.cache.DefaultCacheAwareContextLoaderDelegate.loadContextInternal(DefaultCacheAwareContextLoaderDelegate.java:225)
	at org.springframework.test.context.cache.DefaultCacheAwareContextLoaderDelegate.loadContext(DefaultCacheAwareContextLoaderDelegate.java:152)
	at org.springframework.test.context.support.DefaultTestContext.getApplicationContext(DefaultTestContext.java:130)
	at org.springframework.test.context.web.ServletTestExecutionListener.setUpRequestContextIfNecessary(ServletTestExecutionListener.java:200)
	at org.springframework.test.context.web.ServletTestExecutionListener.prepareTestInstance(ServletTestExecutionListener.java:139)
	at org.springframework.test.context.TestContextManager.prepareTestInstance(TestContextManager.java:260)
	at org.springframework.test.context.junit.jupiter.SpringExtension.postProcessTestInstance(SpringExtension.java:159)
	at org.junit.jupiter.engine.descriptor.ClassBasedTestDescriptor.lambda$invokeTestInstancePostProcessors$10(ClassBasedTestDescriptor.java:383)
	at org.junit.jupiter.engine.descriptor.ClassBasedTestDescriptor.executeAndMaskThrowable(ClassBasedTestDescriptor.java:388)
	at org.junit.jupiter.engine.descriptor.ClassBasedTestDescriptor.lambda$invokeTestInstancePostProcessors$11(ClassBasedTestDescriptor.java:382)
	at java.base/java.util.stream.ForEachOps$ForEachOp$OfRef.accept(ForEachOps.java:184)
	at java.base/java.util.stream.ReferencePipeline$3$1.accept(ReferencePipeline.java:197)
	at java.base/java.util.stream.ReferencePipeline$2$1.accept(ReferencePipeline.java:179)
	at java.base/java.util.stream.ReferencePipeline$3$1.accept(ReferencePipeline.java:197)
	at java.base/java.util.ArrayList$ArrayListSpliterator.forEachRemaining(ArrayList.java:1708)
	at java.base/java.util.stream.AbstractPipeline.copyInto(AbstractPipeline.java:509)
	at java.base/java.util.stream.AbstractPipeline.wrapAndCopyInto(AbstractPipeline.java:499)
	at java.base/java.util.stream.ForEachOps$ForEachOp.evaluateSequential(ForEachOps.java:151)
	at java.base/java.util.stream.ForEachOps$ForEachOp$OfRef.evaluateSequential(ForEachOps.java:174)
	at java.base/java.util.stream.AbstractPipeline.evaluate(AbstractPipeline.java:234)
	at java.base/java.util.stream.ReferencePipeline.forEach(ReferencePipeline.java:596)
	at org.junit.jupiter.engine.descriptor.ClassBasedTestDescriptor.invokeTestInstancePostProcessors(ClassBasedTestDescriptor.java:382)
	at org.junit.jupiter.engine.descriptor.ClassBasedTestDescriptor.lambda$instantiateAndPostProcessTestInstance$6(ClassBasedTestDescriptor.java:293)
	at org.junit.platform.engine.support.hierarchical.ThrowableCollector.execute(ThrowableCollector.java:73)
	at org.junit.jupiter.engine.descriptor.ClassBasedTestDescriptor.instantiateAndPostProcessTestInstance(ClassBasedTestDescriptor.java:292)
	at org.junit.jupiter.engine.descriptor.ClassBasedTestDescriptor.lambda$testInstancesProvider$4(ClassBasedTestDescriptor.java:281)
	at java.base/java.util.Optional.orElseGet(Optional.java:364)
	at org.junit.jupiter.engine.descriptor.ClassBasedTestDescriptor.lambda$testInstancesProvider$5(ClassBasedTestDescriptor.java:280)
	at org.junit.jupiter.engine.execution.TestInstancesProvider.getTestInstances(TestInstancesProvider.java:27)
	at org.junit.jupiter.engine.descriptor.TestMethodTestDescriptor.lambda$prepare$0(TestMethodTestDescriptor.java:112)
	at org.junit.platform.engine.support.hierarchical.ThrowableCollector.execute(ThrowableCollector.java:73)
	at org.junit.jupiter.engine.descriptor.TestMethodTestDescriptor.prepare(TestMethodTestDescriptor.java:111)
	at org.junit.jupiter.engine.descriptor.TestMethodTestDescriptor.prepare(TestMethodTestDescriptor.java:69)
	at org.junit.platform.engine.support.hierarchical.NodeTestTask.lambda$prepare$2(NodeTestTask.java:128)
	at org.junit.platform.engine.support.hierarchical.ThrowableCollector.execute(ThrowableCollector.java:73)
	at org.junit.platform.engine.support.hierarchical.NodeTestTask.prepare(NodeTestTask.java:128)
	at org.junit.platform.engine.support.hierarchical.NodeTestTask.execute(NodeTestTask.java:95)
	at java.base/java.util.ArrayList.forEach(ArrayList.java:1596)
	at org.junit.platform.engine.support.hierarchical.SameThreadHierarchicalTestExecutorService.invokeAll(SameThreadHierarchicalTestExecutorService.java:41)
	at org.junit.platform.engine.support.hierarchical.NodeTestTask.lambda$executeRecursively$6(NodeTestTask.java:160)
	at org.junit.platform.engine.support.hierarchical.ThrowableCollector.execute(ThrowableCollector.java:73)
	at org.junit.platform.engine.support.hierarchical.NodeTestTask.lambda$executeRecursively$8(NodeTestTask.java:146)
	at org.junit.platform.engine.support.hierarchical.Node.around(Node.java:137)
	at org.junit.platform.engine.support.hierarchical.NodeTestTask.lambda$executeRecursively$9(NodeTestTask.java:144)
	at org.junit.platform.engine.support.hierarchical.ThrowableCollector.execute(ThrowableCollector.java:73)
	at org.junit.platform.engine.support.hierarchical.NodeTestTask.executeRecursively(NodeTestTask.java:143)
	at org.junit.platform.engine.support.hierarchical.NodeTestTask.execute(NodeTestTask.java:100)
	at java.base/java.util.ArrayList.forEach(ArrayList.java:1596)
	at org.junit.platform.engine.support.hierarchical.SameThreadHierarchicalTestExecutorService.invokeAll(SameThreadHierarchicalTestExecutorService.java:41)
	at org.junit.platform.engine.support.hierarchical.NodeTestTask.lambda$executeRecursively$6(NodeTestTask.java:160)
	at org.junit.platform.engine.support.hierarchical.ThrowableCollector.execute(ThrowableCollector.java:73)
	at org.junit.platform.engine.support.hierarchical.NodeTestTask.lambda$executeRecursively$8(NodeTestTask.java:146)
	at org.junit.platform.engine.support.hierarchical.Node.around(Node.java:137)
	at org.junit.platform.engine.support.hierarchical.NodeTestTask.lambda$executeRecursively$9(NodeTestTask.java:144)
	at org.junit.platform.engine.support.hierarchical.ThrowableCollector.execute(ThrowableCollector.java:73)
	at org.junit.platform.engine.support.hierarchical.NodeTestTask.executeRecursively(NodeTestTask.java:143)
	at org.junit.platform.engine.support.hierarchical.NodeTestTask.execute(NodeTestTask.java:100)
	at org.junit.platform.engine.support.hierarchical.SameThreadHierarchicalTestExecutorService.submit(SameThreadHierarchicalTestExecutorService.java:35)
	at org.junit.platform.engine.support.hierarchical.HierarchicalTestExecutor.execute(HierarchicalTestExecutor.java:57)
	at org.junit.platform.engine.support.hierarchical.HierarchicalTestEngine.execute(HierarchicalTestEngine.java:54)
	at org.junit.platform.launcher.core.EngineExecutionOrchestrator.execute(EngineExecutionOrchestrator.java:201)
	at org.junit.platform.launcher.core.EngineExecutionOrchestrator.execute(EngineExecutionOrchestrator.java:170)
	at org.junit.platform.launcher.core.EngineExecutionOrchestrator.execute(EngineExecutionOrchestrator.java:94)
	at org.junit.platform.launcher.core.EngineExecutionOrchestrator.lambda$execute$0(EngineExecutionOrchestrator.java:59)
	at org.junit.platform.launcher.core.EngineExecutionOrchestrator.withInterceptedStreams(EngineExecutionOrchestrator.java:142)
	at org.junit.platform.launcher.core.EngineExecutionOrchestrator.execute(EngineExecutionOrchestrator.java:58)
	at org.junit.platform.launcher.core.DefaultLauncher.execute(DefaultLauncher.java:103)
	at org.junit.platform.launcher.core.DefaultLauncher.execute(DefaultLauncher.java:85)
	at org.junit.platform.launcher.core.DelegatingLauncher.execute(DelegatingLauncher.java:47)
	at org.junit.platform.launcher.core.InterceptingLauncher.lambda$execute$1(InterceptingLauncher.java:39)
	at org.junit.platform.launcher.core.ClasspathAlignmentCheckingLauncherInterceptor.intercept(ClasspathAlignmentCheckingLauncherInterceptor.java:25)
	at org.junit.platform.launcher.core.InterceptingLauncher.execute(InterceptingLauncher.java:38)
	at org.junit.platform.launcher.core.DelegatingLauncher.execute(DelegatingLauncher.java:47)
	at org.apache.maven.surefire.junitplatform.LauncherAdapter.executeWithoutCancellationToken(LauncherAdapter.java:60)
	at org.apache.maven.surefire.junitplatform.LauncherAdapter.execute(LauncherAdapter.java:52)
	at org.apache.maven.surefire.junitplatform.JUnitPlatformProvider.execute(JUnitPlatformProvider.java:203)
	at org.apache.maven.surefire.junitplatform.JUnitPlatformProvider.invokeAllTests(JUnitPlatformProvider.java:168)
	at org.apache.maven.surefire.junitplatform.JUnitPlatformProvider.invoke(JUnitPlatformProvider.java:136)
	at org.apache.maven.surefire.booter.ForkedBooter.runSuitesInProcess(ForkedBooter.java:385)
	at org.apache.maven.surefire.booter.ForkedBooter.execute(ForkedBooter.java:162)
	at org.apache.maven.surefire.booter.ForkedBooter.run(ForkedBooter.java:507)
	at org.apache.maven.surefire.booter.ForkedBooter.main(ForkedBooter.java:495)
Caused by: org.springframework.beans.factory.BeanCreationException: Error creating bean with name 'flyway' defined in class path resource [org/springframework/boot/autoconfigure/flyway/FlywayAutoConfiguration$FlywayConfiguration.class]: Failed to instantiate [org.flywaydb.core.Flyway]: Factory method 'flyway' threw exception with message: org.springframework.jdbc.support.MetaDataAccessException: Could not get Connection for extracting meta-data
	at org.springframework.beans.factory.support.ConstructorResolver.instantiate(ConstructorResolver.java:657)
	at org.springframework.beans.factory.support.ConstructorResolver.instantiateUsingFactoryMethod(ConstructorResolver.java:645)
	at org.springframework.beans.factory.support.AbstractAutowireCapableBeanFactory.instantiateUsingFactoryMethod(AbstractAutowireCapableBeanFactory.java:1375)
	at org.springframework.beans.factory.support.AbstractAutowireCapableBeanFactory.createBeanInstance(AbstractAutowireCapableBeanFactory.java:1205)
	at org.springframework.beans.factory.support.AbstractAutowireCapableBeanFactory.doCreateBean(AbstractAutowireCapableBeanFactory.java:569)
	at org.springframework.beans.factory.support.AbstractAutowireCapableBeanFactory.createBean(AbstractAutowireCapableBeanFactory.java:529)
	at org.springframework.beans.factory.support.AbstractBeanFactory.lambda$doGetBean$0(AbstractBeanFactory.java:339)
	at org.springframework.beans.factory.support.DefaultSingletonBeanRegistry.getSingleton(DefaultSingletonBeanRegistry.java:373)
	at org.springframework.beans.factory.support.AbstractBeanFactory.doGetBean(AbstractBeanFactory.java:337)
	at org.springframework.beans.factory.support.AbstractBeanFactory.getBean(AbstractBeanFactory.java:202)
	at org.springframework.beans.factory.support.AbstractBeanFactory.doGetBean(AbstractBeanFactory.java:315)
	... 95 common frames omitted
Caused by: org.springframework.beans.BeanInstantiationException: Failed to instantiate [org.flywaydb.core.Flyway]: Factory method 'flyway' threw exception with message: org.springframework.jdbc.support.MetaDataAccessException: Could not get Connection for extracting meta-data
	at org.springframework.beans.factory.support.SimpleInstantiationStrategy.lambda$instantiate$0(SimpleInstantiationStrategy.java:200)
	at org.springframework.beans.factory.support.SimpleInstantiationStrategy.instantiateWithFactoryMethod(SimpleInstantiationStrategy.java:89)
	at org.springframework.beans.factory.support.SimpleInstantiationStrategy.instantiate(SimpleInstantiationStrategy.java:169)
	at org.springframework.beans.factory.support.ConstructorResolver.instantiate(ConstructorResolver.java:653)
	... 105 common frames omitted
Caused by: java.lang.IllegalStateException: org.springframework.jdbc.support.MetaDataAccessException: Could not get Connection for extracting meta-data
	at org.springframework.boot.autoconfigure.flyway.FlywayAutoConfiguration$LocationResolver.getDatabaseDriver(FlywayAutoConfiguration.java:409)
	at org.springframework.boot.autoconfigure.flyway.FlywayAutoConfiguration$LocationResolver.resolveLocations(FlywayAutoConfiguration.java:389)
	at org.springframework.boot.autoconfigure.flyway.FlywayAutoConfiguration$FlywayConfiguration.configureProperties(FlywayAutoConfiguration.java:217)
	at org.springframework.boot.autoconfigure.flyway.FlywayAutoConfiguration$FlywayConfiguration.flyway(FlywayAutoConfiguration.java:157)
	at java.base/jdk.internal.reflect.DirectMethodHandleAccessor.invoke(DirectMethodHandleAccessor.java:103)
	at java.base/java.lang.reflect.Method.invoke(Method.java:580)
	at org.springframework.beans.factory.support.SimpleInstantiationStrategy.lambda$instantiate$0(SimpleInstantiationStrategy.java:172)
	... 108 common frames omitted
Caused by: org.springframework.jdbc.support.MetaDataAccessException: Could not get Connection for extracting meta-data
	at org.springframework.jdbc.support.JdbcUtils.extractDatabaseMetaData(JdbcUtils.java:357)
	at org.springframework.boot.autoconfigure.flyway.FlywayAutoConfiguration$LocationResolver.getDatabaseDriver(FlywayAutoConfiguration.java:405)
	... 114 common frames omitted
Caused by: org.springframework.jdbc.CannotGetJdbcConnectionException: Failed to obtain JDBC Connection
	at org.springframework.jdbc.datasource.DataSourceUtils.getConnection(DataSourceUtils.java:84)
	at org.springframework.jdbc.support.JdbcUtils.extractDatabaseMetaData(JdbcUtils.java:331)
	... 115 common frames omitted
Caused by: org.postgresql.util.PSQLException: Connection to localhost:5432 refused. Check that the hostname and port are correct and that the postmaster is accepting TCP/IP connections.
	at org.postgresql.core.v3.ConnectionFactoryImpl.openConnectionImpl(ConnectionFactoryImpl.java:373)
	at org.postgresql.core.ConnectionFactory.openConnection(ConnectionFactory.java:57)
	at org.postgresql.jdbc.PgConnection.<init>(PgConnection.java:279)
	at org.postgresql.Driver.makeConnection(Driver.java:448)
	at org.postgresql.Driver.connect(Driver.java:298)
	at com.zaxxer.hikari.util.DriverDataSource.getConnection(DriverDataSource.java:144)
	at com.zaxxer.hikari.pool.PoolBase.newConnection(PoolBase.java:370)
	at com.zaxxer.hikari.pool.PoolBase.newPoolEntry(PoolBase.java:207)
	at com.zaxxer.hikari.pool.HikariPool.createPoolEntry(HikariPool.java:488)
	at com.zaxxer.hikari.pool.HikariPool.checkFailFast(HikariPool.java:576)
	at com.zaxxer.hikari.pool.HikariPool.<init>(HikariPool.java:97)
	at com.zaxxer.hikari.HikariDataSource.getConnection(HikariDataSource.java:111)
	at org.springframework.jdbc.datasource.DataSourceUtils.fetchConnection(DataSourceUtils.java:160)
	at org.springframework.jdbc.datasource.DataSourceUtils.doGetConnection(DataSourceUtils.java:118)
	at org.springframework.jdbc.datasource.DataSourceUtils.getConnection(DataSourceUtils.java:81)
	... 116 common frames omitted
Caused by: java.net.ConnectException: Connection refused
	at java.base/sun.nio.ch.Net.pollConnect(Native Method)
	at java.base/sun.nio.ch.Net.pollConnectNow(Net.java:682)
	at java.base/sun.nio.ch.NioSocketImpl.timedFinishConnect(NioSocketImpl.java:542)
	at java.base/sun.nio.ch.NioSocketImpl.connect(NioSocketImpl.java:592)
	at java.base/java.net.SocksSocketImpl.connect(SocksSocketImpl.java:327)
	at java.base/java.net.Socket.connect(Socket.java:751)
	at org.postgresql.core.PGStream.createSocket(PGStream.java:261)
	at org.postgresql.core.PGStream.<init>(PGStream.java:122)
	at org.postgresql.core.v3.ConnectionFactoryImpl.tryConnect(ConnectionFactoryImpl.java:146)
	at org.postgresql.core.v3.ConnectionFactoryImpl.openConnectionImpl(ConnectionFactoryImpl.java:289)
	... 130 common frames omitted
2026-05-30 11:46:48.421 [main] WARN  o.s.test.context.TestContextManager [requestId=] - Caught exception while allowing TestExecutionListener [org.springframework.test.context.web.ServletTestExecutionListener] to prepare test instance [com.digiaudit.grcpc.GrcpcApiApplicationTests@68f776ee]
java.lang.IllegalStateException: Failed to load ApplicationContext for [WebMergedContextConfiguration@72715e61 testClass = com.digiaudit.grcpc.GrcpcApiApplicationTests, locations = [], classes = [com.digiaudit.grcpc.GrcpcApiApplication], contextInitializerClasses = [], activeProfiles = [], propertySourceDescriptors = [], propertySourceProperties = ["org.springframework.boot.test.context.SpringBootTestContextBootstrapper=true"], contextCustomizers = [org.springframework.boot.test.context.filter.ExcludeFilterContextCustomizer@41f69e84, org.springframework.boot.test.json.DuplicateJsonObjectContextCustomizerFactory$DuplicateJsonObjectContextCustomizer@64b0598, org.springframework.boot.test.mock.mockito.MockitoContextCustomizer@0, org.springframework.boot.test.web.client.TestRestTemplateContextCustomizer@a8ef162, org.springframework.boot.test.web.reactor.netty.DisableReactorResourceFactoryGlobalResourcesContextCustomizerFactory$DisableReactorResourceFactoryGlobalResourcesContextCustomizerCustomizer@34129c78, org.springframework.boot.test.autoconfigure.OnFailureConditionReportContextCustomizerFactory$OnFailureConditionReportContextCustomizer@6c7a164b, org.springframework.boot.test.autoconfigure.actuate.observability.ObservabilityContextCustomizerFactory$DisableObservabilityContextCustomizer@1f, org.springframework.boot.test.autoconfigure.properties.PropertyMappingContextCustomizer@0, org.springframework.boot.test.autoconfigure.web.servlet.WebDriverContextCustomizer@77659b30, org.springframework.test.context.support.DynamicPropertiesContextCustomizer@0, org.springframework.boot.test.context.SpringBootTestAnnotation@563aa9a3], resourceBasePath = "src/main/webapp", contextLoader = org.springframework.boot.test.context.SpringBootContextLoader, parent = null]
	at org.springframework.test.context.cache.DefaultCacheAwareContextLoaderDelegate.loadContext(DefaultCacheAwareContextLoaderDelegate.java:180)
	at org.springframework.test.context.support.DefaultTestContext.getApplicationContext(DefaultTestContext.java:130)
	at org.springframework.test.context.web.ServletTestExecutionListener.setUpRequestContextIfNecessary(ServletTestExecutionListener.java:200)
	at org.springframework.test.context.web.ServletTestExecutionListener.prepareTestInstance(ServletTestExecutionListener.java:139)
	at org.springframework.test.context.TestContextManager.prepareTestInstance(TestContextManager.java:260)
	at org.springframework.test.context.junit.jupiter.SpringExtension.postProcessTestInstance(SpringExtension.java:159)
	at org.junit.jupiter.engine.descriptor.ClassBasedTestDescriptor.lambda$invokeTestInstancePostProcessors$10(ClassBasedTestDescriptor.java:383)
	at org.junit.jupiter.engine.descriptor.ClassBasedTestDescriptor.executeAndMaskThrowable(ClassBasedTestDescriptor.java:388)
	at org.junit.jupiter.engine.descriptor.ClassBasedTestDescriptor.lambda$invokeTestInstancePostProcessors$11(ClassBasedTestDescriptor.java:382)
	at java.base/java.util.stream.ForEachOps$ForEachOp$OfRef.accept(ForEachOps.java:184)
	at java.base/java.util.stream.ReferencePipeline$3$1.accept(ReferencePipeline.java:197)
	at java.base/java.util.stream.ReferencePipeline$2$1.accept(ReferencePipeline.java:179)
	at java.base/java.util.stream.ReferencePipeline$3$1.accept(ReferencePipeline.java:197)
	at java.base/java.util.ArrayList$ArrayListSpliterator.forEachRemaining(ArrayList.java:1708)
	at java.base/java.util.stream.AbstractPipeline.copyInto(AbstractPipeline.java:509)
	at java.base/java.util.stream.AbstractPipeline.wrapAndCopyInto(AbstractPipeline.java:499)
	at java.base/java.util.stream.ForEachOps$ForEachOp.evaluateSequential(ForEachOps.java:151)
	at java.base/java.util.stream.ForEachOps$ForEachOp$OfRef.evaluateSequential(ForEachOps.java:174)
	at java.base/java.util.stream.AbstractPipeline.evaluate(AbstractPipeline.java:234)
	at java.base/java.util.stream.ReferencePipeline.forEach(ReferencePipeline.java:596)
	at org.junit.jupiter.engine.descriptor.ClassBasedTestDescriptor.invokeTestInstancePostProcessors(ClassBasedTestDescriptor.java:382)
	at org.junit.jupiter.engine.descriptor.ClassBasedTestDescriptor.lambda$instantiateAndPostProcessTestInstance$6(ClassBasedTestDescriptor.java:293)
	at org.junit.platform.engine.support.hierarchical.ThrowableCollector.execute(ThrowableCollector.java:73)
	at org.junit.jupiter.engine.descriptor.ClassBasedTestDescriptor.instantiateAndPostProcessTestInstance(ClassBasedTestDescriptor.java:292)
	at org.junit.jupiter.engine.descriptor.ClassBasedTestDescriptor.lambda$testInstancesProvider$4(ClassBasedTestDescriptor.java:281)
	at java.base/java.util.Optional.orElseGet(Optional.java:364)
	at org.junit.jupiter.engine.descriptor.ClassBasedTestDescriptor.lambda$testInstancesProvider$5(ClassBasedTestDescriptor.java:280)
	at org.junit.jupiter.engine.execution.TestInstancesProvider.getTestInstances(TestInstancesProvider.java:27)
	at org.junit.jupiter.engine.descriptor.TestMethodTestDescriptor.lambda$prepare$0(TestMethodTestDescriptor.java:112)
	at org.junit.platform.engine.support.hierarchical.ThrowableCollector.execute(ThrowableCollector.java:73)
	at org.junit.jupiter.engine.descriptor.TestMethodTestDescriptor.prepare(TestMethodTestDescriptor.java:111)
	at org.junit.jupiter.engine.descriptor.TestMethodTestDescriptor.prepare(TestMethodTestDescriptor.java:69)
	at org.junit.platform.engine.support.hierarchical.NodeTestTask.lambda$prepare$2(NodeTestTask.java:128)
	at org.junit.platform.engine.support.hierarchical.ThrowableCollector.execute(ThrowableCollector.java:73)
	at org.junit.platform.engine.support.hierarchical.NodeTestTask.prepare(NodeTestTask.java:128)
	at org.junit.platform.engine.support.hierarchical.NodeTestTask.execute(NodeTestTask.java:95)
	at java.base/java.util.ArrayList.forEach(ArrayList.java:1596)
	at org.junit.platform.engine.support.hierarchical.SameThreadHierarchicalTestExecutorService.invokeAll(SameThreadHierarchicalTestExecutorService.java:41)
	at org.junit.platform.engine.support.hierarchical.NodeTestTask.lambda$executeRecursively$6(NodeTestTask.java:160)
	at org.junit.platform.engine.support.hierarchical.ThrowableCollector.execute(ThrowableCollector.java:73)
	at org.junit.platform.engine.support.hierarchical.NodeTestTask.lambda$executeRecursively$8(NodeTestTask.java:146)
	at org.junit.platform.engine.support.hierarchical.Node.around(Node.java:137)
	at org.junit.platform.engine.support.hierarchical.NodeTestTask.lambda$executeRecursively$9(NodeTestTask.java:144)
	at org.junit.platform.engine.support.hierarchical.ThrowableCollector.execute(ThrowableCollector.java:73)
	at org.junit.platform.engine.support.hierarchical.NodeTestTask.executeRecursively(NodeTestTask.java:143)
	at org.junit.platform.engine.support.hierarchical.NodeTestTask.execute(NodeTestTask.java:100)
	at java.base/java.util.ArrayList.forEach(ArrayList.java:1596)
	at org.junit.platform.engine.support.hierarchical.SameThreadHierarchicalTestExecutorService.invokeAll(SameThreadHierarchicalTestExecutorService.java:41)
	at org.junit.platform.engine.support.hierarchical.NodeTestTask.lambda$executeRecursively$6(NodeTestTask.java:160)
	at org.junit.platform.engine.support.hierarchical.ThrowableCollector.execute(ThrowableCollector.java:73)
	at org.junit.platform.engine.support.hierarchical.NodeTestTask.lambda$executeRecursively$8(NodeTestTask.java:146)
	at org.junit.platform.engine.support.hierarchical.Node.around(Node.java:137)
	at org.junit.platform.engine.support.hierarchical.NodeTestTask.lambda$executeRecursively$9(NodeTestTask.java:144)
	at org.junit.platform.engine.support.hierarchical.ThrowableCollector.execute(ThrowableCollector.java:73)
	at org.junit.platform.engine.support.hierarchical.NodeTestTask.executeRecursively(NodeTestTask.java:143)
	at org.junit.platform.engine.support.hierarchical.NodeTestTask.execute(NodeTestTask.java:100)
	at org.junit.platform.engine.support.hierarchical.SameThreadHierarchicalTestExecutorService.submit(SameThreadHierarchicalTestExecutorService.java:35)
	at org.junit.platform.engine.support.hierarchical.HierarchicalTestExecutor.execute(HierarchicalTestExecutor.java:57)
	at org.junit.platform.engine.support.hierarchical.HierarchicalTestEngine.execute(HierarchicalTestEngine.java:54)
	at org.junit.platform.launcher.core.EngineExecutionOrchestrator.execute(EngineExecutionOrchestrator.java:201)
	at org.junit.platform.launcher.core.EngineExecutionOrchestrator.execute(EngineExecutionOrchestrator.java:170)
	at org.junit.platform.launcher.core.EngineExecutionOrchestrator.execute(EngineExecutionOrchestrator.java:94)
	at org.junit.platform.launcher.core.EngineExecutionOrchestrator.lambda$execute$0(EngineExecutionOrchestrator.java:59)
	at org.junit.platform.launcher.core.EngineExecutionOrchestrator.withInterceptedStreams(EngineExecutionOrchestrator.java:142)
	at org.junit.platform.launcher.core.EngineExecutionOrchestrator.execute(EngineExecutionOrchestrator.java:58)
	at org.junit.platform.launcher.core.DefaultLauncher.execute(DefaultLauncher.java:103)
	at org.junit.platform.launcher.core.DefaultLauncher.execute(DefaultLauncher.java:85)
	at org.junit.platform.launcher.core.DelegatingLauncher.execute(DelegatingLauncher.java:47)
	at org.junit.platform.launcher.core.InterceptingLauncher.lambda$execute$1(InterceptingLauncher.java:39)
	at org.junit.platform.launcher.core.ClasspathAlignmentCheckingLauncherInterceptor.intercept(ClasspathAlignmentCheckingLauncherInterceptor.java:25)
	at org.junit.platform.launcher.core.InterceptingLauncher.execute(InterceptingLauncher.java:38)
	at org.junit.platform.launcher.core.DelegatingLauncher.execute(DelegatingLauncher.java:47)
	at org.apache.maven.surefire.junitplatform.LauncherAdapter.executeWithoutCancellationToken(LauncherAdapter.java:60)
	at org.apache.maven.surefire.junitplatform.LauncherAdapter.execute(LauncherAdapter.java:52)
	at org.apache.maven.surefire.junitplatform.JUnitPlatformProvider.execute(JUnitPlatformProvider.java:203)
	at org.apache.maven.surefire.junitplatform.JUnitPlatformProvider.invokeAllTests(JUnitPlatformProvider.java:168)
	at org.apache.maven.surefire.junitplatform.JUnitPlatformProvider.invoke(JUnitPlatformProvider.java:136)
	at org.apache.maven.surefire.booter.ForkedBooter.runSuitesInProcess(ForkedBooter.java:385)
	at org.apache.maven.surefire.booter.ForkedBooter.execute(ForkedBooter.java:162)
	at org.apache.maven.surefire.booter.ForkedBooter.run(ForkedBooter.java:507)
	at org.apache.maven.surefire.booter.ForkedBooter.main(ForkedBooter.java:495)
Caused by: org.springframework.beans.factory.BeanCreationException: Error creating bean with name 'entityManagerFactory' defined in class path resource [org/springframework/boot/autoconfigure/orm/jpa/HibernateJpaConfiguration.class]: Failed to initialize dependency 'flyway' of LoadTimeWeaverAware bean 'entityManagerFactory': Error creating bean with name 'flyway' defined in class path resource [org/springframework/boot/autoconfigure/flyway/FlywayAutoConfiguration$FlywayConfiguration.class]: Failed to instantiate [org.flywaydb.core.Flyway]: Factory method 'flyway' threw exception with message: org.springframework.jdbc.support.MetaDataAccessException: Could not get Connection for extracting meta-data
	at org.springframework.beans.factory.support.AbstractBeanFactory.doGetBean(AbstractBeanFactory.java:328)
	at org.springframework.beans.factory.support.AbstractBeanFactory.getBean(AbstractBeanFactory.java:207)
	at org.springframework.context.support.AbstractApplicationContext.finishBeanFactoryInitialization(AbstractApplicationContext.java:973)
	at org.springframework.context.support.AbstractApplicationContext.refresh(AbstractApplicationContext.java:627)
	at org.springframework.boot.SpringApplication.refresh(SpringApplication.java:752)
	at org.springframework.boot.SpringApplication.refreshContext(SpringApplication.java:439)
	at org.springframework.boot.SpringApplication.run(SpringApplication.java:318)
	at org.springframework.boot.test.context.SpringBootContextLoader.lambda$loadContext$3(SpringBootContextLoader.java:152)
	at org.springframework.util.function.ThrowingSupplier.get(ThrowingSupplier.java:58)
	at org.springframework.util.function.ThrowingSupplier.get(ThrowingSupplier.java:46)
	at org.springframework.boot.SpringApplication.withHook(SpringApplication.java:1461)
	at org.springframework.boot.test.context.SpringBootContextLoader$ContextLoaderHook.run(SpringBootContextLoader.java:595)
	at org.springframework.boot.test.context.SpringBootContextLoader.loadContext(SpringBootContextLoader.java:152)
	at org.springframework.boot.test.context.SpringBootContextLoader.loadContext(SpringBootContextLoader.java:111)
	at org.springframework.test.context.cache.DefaultCacheAwareContextLoaderDelegate.loadContextInternal(DefaultCacheAwareContextLoaderDelegate.java:225)
	at org.springframework.test.context.cache.DefaultCacheAwareContextLoaderDelegate.loadContext(DefaultCacheAwareContextLoaderDelegate.java:152)
	... 80 common frames omitted
Caused by: org.springframework.beans.factory.BeanCreationException: Error creating bean with name 'flyway' defined in class path resource [org/springframework/boot/autoconfigure/flyway/FlywayAutoConfiguration$FlywayConfiguration.class]: Failed to instantiate [org.flywaydb.core.Flyway]: Factory method 'flyway' threw exception with message: org.springframework.jdbc.support.MetaDataAccessException: Could not get Connection for extracting meta-data
	at org.springframework.beans.factory.support.ConstructorResolver.instantiate(ConstructorResolver.java:657)
	at org.springframework.beans.factory.support.ConstructorResolver.instantiateUsingFactoryMethod(ConstructorResolver.java:645)
	at org.springframework.beans.factory.support.AbstractAutowireCapableBeanFactory.instantiateUsingFactoryMethod(AbstractAutowireCapableBeanFactory.java:1375)
	at org.springframework.beans.factory.support.AbstractAutowireCapableBeanFactory.createBeanInstance(AbstractAutowireCapableBeanFactory.java:1205)
	at org.springframework.beans.factory.support.AbstractAutowireCapableBeanFactory.doCreateBean(AbstractAutowireCapableBeanFactory.java:569)
	at org.springframework.beans.factory.support.AbstractAutowireCapableBeanFactory.createBean(AbstractAutowireCapableBeanFactory.java:529)
	at org.springframework.beans.factory.support.AbstractBeanFactory.lambda$doGetBean$0(AbstractBeanFactory.java:339)
	at org.springframework.beans.factory.support.DefaultSingletonBeanRegistry.getSingleton(DefaultSingletonBeanRegistry.java:373)
	at org.springframework.beans.factory.support.AbstractBeanFactory.doGetBean(AbstractBeanFactory.java:337)
	at org.springframework.beans.factory.support.AbstractBeanFactory.getBean(AbstractBeanFactory.java:202)
	at org.springframework.beans.factory.support.AbstractBeanFactory.doGetBean(AbstractBeanFactory.java:315)
	... 95 common frames omitted
Caused by: org.springframework.beans.BeanInstantiationException: Failed to instantiate [org.flywaydb.core.Flyway]: Factory method 'flyway' threw exception with message: org.springframework.jdbc.support.MetaDataAccessException: Could not get Connection for extracting meta-data
	at org.springframework.beans.factory.support.SimpleInstantiationStrategy.lambda$instantiate$0(SimpleInstantiationStrategy.java:200)
	at org.springframework.beans.factory.support.SimpleInstantiationStrategy.instantiateWithFactoryMethod(SimpleInstantiationStrategy.java:89)
	at org.springframework.beans.factory.support.SimpleInstantiationStrategy.instantiate(SimpleInstantiationStrategy.java:169)
	at org.springframework.beans.factory.support.ConstructorResolver.instantiate(ConstructorResolver.java:653)
	... 105 common frames omitted
Caused by: java.lang.IllegalStateException: org.springframework.jdbc.support.MetaDataAccessException: Could not get Connection for extracting meta-data
	at org.springframework.boot.autoconfigure.flyway.FlywayAutoConfiguration$LocationResolver.getDatabaseDriver(FlywayAutoConfiguration.java:409)
	at org.springframework.boot.autoconfigure.flyway.FlywayAutoConfiguration$LocationResolver.resolveLocations(FlywayAutoConfiguration.java:389)
	at org.springframework.boot.autoconfigure.flyway.FlywayAutoConfiguration$FlywayConfiguration.configureProperties(FlywayAutoConfiguration.java:217)
	at org.springframework.boot.autoconfigure.flyway.FlywayAutoConfiguration$FlywayConfiguration.flyway(FlywayAutoConfiguration.java:157)
	at java.base/jdk.internal.reflect.DirectMethodHandleAccessor.invoke(DirectMethodHandleAccessor.java:103)
	at java.base/java.lang.reflect.Method.invoke(Method.java:580)
	at org.springframework.beans.factory.support.SimpleInstantiationStrategy.lambda$instantiate$0(SimpleInstantiationStrategy.java:172)
	... 108 common frames omitted
Caused by: org.springframework.jdbc.support.MetaDataAccessException: Could not get Connection for extracting meta-data
	at org.springframework.jdbc.support.JdbcUtils.extractDatabaseMetaData(JdbcUtils.java:357)
	at org.springframework.boot.autoconfigure.flyway.FlywayAutoConfiguration$LocationResolver.getDatabaseDriver(FlywayAutoConfiguration.java:405)
	... 114 common frames omitted
Caused by: org.springframework.jdbc.CannotGetJdbcConnectionException: Failed to obtain JDBC Connection
	at org.springframework.jdbc.datasource.DataSourceUtils.getConnection(DataSourceUtils.java:84)
	at org.springframework.jdbc.support.JdbcUtils.extractDatabaseMetaData(JdbcUtils.java:331)
	... 115 common frames omitted
Caused by: org.postgresql.util.PSQLException: Connection to localhost:5432 refused. Check that the hostname and port are correct and that the postmaster is accepting TCP/IP connections.
	at org.postgresql.core.v3.ConnectionFactoryImpl.openConnectionImpl(ConnectionFactoryImpl.java:373)
	at org.postgresql.core.ConnectionFactory.openConnection(ConnectionFactory.java:57)
	at org.postgresql.jdbc.PgConnection.<init>(PgConnection.java:279)
	at org.postgresql.Driver.makeConnection(Driver.java:448)
	at org.postgresql.Driver.connect(Driver.java:298)
	at com.zaxxer.hikari.util.DriverDataSource.getConnection(DriverDataSource.java:144)
	at com.zaxxer.hikari.pool.PoolBase.newConnection(PoolBase.java:370)
	at com.zaxxer.hikari.pool.PoolBase.newPoolEntry(PoolBase.java:207)
	at com.zaxxer.hikari.pool.HikariPool.createPoolEntry(HikariPool.java:488)
	at com.zaxxer.hikari.pool.HikariPool.checkFailFast(HikariPool.java:576)
	at com.zaxxer.hikari.pool.HikariPool.<init>(HikariPool.java:97)
	at com.zaxxer.hikari.HikariDataSource.getConnection(HikariDataSource.java:111)
	at org.springframework.jdbc.datasource.DataSourceUtils.fetchConnection(DataSourceUtils.java:160)
	at org.springframework.jdbc.datasource.DataSourceUtils.doGetConnection(DataSourceUtils.java:118)
	at org.springframework.jdbc.datasource.DataSourceUtils.getConnection(DataSourceUtils.java:81)
	... 116 common frames omitted
Caused by: java.net.ConnectException: Connection refused
	at java.base/sun.nio.ch.Net.pollConnect(Native Method)
	at java.base/sun.nio.ch.Net.pollConnectNow(Net.java:682)
	at java.base/sun.nio.ch.NioSocketImpl.timedFinishConnect(NioSocketImpl.java:542)
	at java.base/sun.nio.ch.NioSocketImpl.connect(NioSocketImpl.java:592)
	at java.base/java.net.SocksSocketImpl.connect(SocksSocketImpl.java:327)
	at java.base/java.net.Socket.connect(Socket.java:751)
	at org.postgresql.core.PGStream.createSocket(PGStream.java:261)
	at org.postgresql.core.PGStream.<init>(PGStream.java:122)
	at org.postgresql.core.v3.ConnectionFactoryImpl.tryConnect(ConnectionFactoryImpl.java:146)
	at org.postgresql.core.v3.ConnectionFactoryImpl.openConnectionImpl(ConnectionFactoryImpl.java:289)
	... 130 common frames omitted
2026-05-30 11:48:53.148 [background-preinit] INFO  o.h.validator.internal.util.Version [requestId=] - HV000001: Hibernate Validator 8.0.3.Final
2026-05-30 11:48:53.396 [main] INFO  c.d.grcpc.GrcpcApiApplicationTests [requestId=] - Starting GrcpcApiApplicationTests using Java 21.0.7 with PID 73 (started by root in /workspace/grcpc-app)
2026-05-30 11:48:53.398 [main] DEBUG c.d.grcpc.GrcpcApiApplicationTests [requestId=] - Running with Spring Boot v3.5.9, Spring v6.2.15
2026-05-30 11:48:53.400 [main] INFO  c.d.grcpc.GrcpcApiApplicationTests [requestId=] - No active profile set, falling back to 1 default profile: "default"
2026-05-30 11:49:02.969 [main] INFO  o.s.d.r.c.RepositoryConfigurationDelegate [requestId=] - Bootstrapping Spring Data JPA repositories in DEFAULT mode.
2026-05-30 11:49:07.261 [main] INFO  o.s.d.r.c.RepositoryConfigurationDelegate [requestId=] - Finished Spring Data repository scanning in 4252 ms. Found 27 JPA repository interfaces.
2026-05-30 11:49:10.487 [main] INFO  com.zaxxer.hikari.HikariDataSource [requestId=] - HikariPool-1 - Starting...
2026-05-30 11:49:11.852 [main] INFO  com.zaxxer.hikari.pool.HikariPool [requestId=] - HikariPool-1 - Added connection org.postgresql.jdbc.PgConnection@139089a4
2026-05-30 11:49:11.871 [main] INFO  com.zaxxer.hikari.HikariDataSource [requestId=] - HikariPool-1 - Start completed.
2026-05-30 11:49:13.346 [main] INFO  org.flywaydb.core.FlywayExecutor [requestId=] - Database: jdbc:postgresql://grcpc-test-db:5432/grcpc?currentSchema=grc (PostgreSQL 16.14)
2026-05-30 11:49:14.243 [main] INFO  o.f.c.internal.database.base.Schema [requestId=] - Creating schema "grc" ...
2026-05-30 11:49:14.272 [main] INFO  o.f.c.i.s.JdbcTableSchemaHistory [requestId=] - Creating Schema History table "grc"."flyway_schema_history" ...
2026-05-30 11:49:14.488 [main] INFO  o.f.core.internal.command.DbMigrate [requestId=] - Current version of schema "grc": null
2026-05-30 11:49:14.578 [main] INFO  o.f.core.internal.command.DbMigrate [requestId=] - Migrating schema "grc" to version "0010 - create system setup table"
2026-05-30 11:49:14.661 [main] INFO  o.f.core.internal.command.DbMigrate [requestId=] - Migrating schema "grc" to version "0020 - create usermanagement core tables"
2026-05-30 11:49:14.757 [main] INFO  o.f.core.internal.command.DbMigrate [requestId=] - Migrating schema "grc" to version "0030 - create usermanagement i18n tables"
2026-05-30 11:49:14.866 [main] INFO  o.f.core.internal.command.DbMigrate [requestId=] - Migrating schema "grc" to version "0040 - create usermanagement assignment tables"
2026-05-30 11:49:14.936 [main] INFO  o.f.core.internal.command.DbMigrate [requestId=] - Migrating schema "grc" to version "0050 - create usermanagement delegation tables"
2026-05-30 11:49:15.000 [main] INFO  o.f.core.internal.command.DbMigrate [requestId=] - Migrating schema "grc" to version "0060 - create audit tables"
2026-05-30 11:49:15.046 [main] INFO  o.f.core.internal.command.DbMigrate [requestId=] - Migrating schema "grc" to version "0070 - seed base roles"
2026-05-30 11:49:15.121 [main] INFO  o.f.core.internal.command.DbMigrate [requestId=] - Migrating schema "grc" to version "0080 - create indexes and constraints"
2026-05-30 11:49:15.284 [main] INFO  o.f.core.internal.command.DbMigrate [requestId=] - Migrating schema "grc" to version "1000 - seed system permissions"
2026-05-30 11:49:15.354 [main] INFO  o.f.core.internal.command.DbMigrate [requestId=] - Migrating schema "grc" to version "1003 - create organization table"
2026-05-30 11:49:15.426 [main] INFO  o.f.core.internal.command.DbMigrate [requestId=] - Migrating schema "grc" to version "1004 - create regulation table"
2026-05-30 11:49:15.527 [main] INFO  o.f.core.internal.command.DbMigrate [requestId=] - Migrating schema "grc" to version "1010 - seed system permissions i18n"
2026-05-30 11:49:15.601 [main] INFO  o.f.core.internal.command.DbMigrate [requestId=] - Migrating schema "grc" to version "1020 - seed business permissions core"
2026-05-30 11:49:15.663 [main] INFO  o.f.core.internal.command.DbMigrate [requestId=] - Migrating schema "grc" to version "1030 - seed business permissions core i18n"
2026-05-30 11:49:15.727 [main] INFO  o.f.core.internal.command.DbMigrate [requestId=] - Migrating schema "grc" to version "1040 - seed root admin role i18n"
2026-05-30 11:49:15.769 [main] INFO  o.f.core.internal.command.DbMigrate [requestId=] - Migrating schema "grc" to version "1050 - seed root admin role permissions"
2026-05-30 11:49:15.854 [main] INFO  o.f.core.internal.command.DbMigrate [requestId=] - Migrating schema "grc" to version "1060 - seed root admin role business permissions"
2026-05-30 11:49:15.920 [main] INFO  o.f.core.internal.command.DbMigrate [requestId=] - Migrating schema "grc" to version "1070 - seed master data business permissions"
2026-05-30 11:49:16.069 [main] INFO  o.f.core.internal.command.DbMigrate [requestId=] - Migrating schema "grc" to version "1080 - create master data security document tables"
2026-05-30 11:49:16.330 [main] INFO  o.f.c.i.s.DefaultSqlScriptExecutor [requestId=] - DB: constraint "fk_control_objective" of relation "control" does not exist, skipping
2026-05-30 11:49:16.650 [main] INFO  o.f.core.internal.command.DbMigrate [requestId=] - Migrating schema "grc" to version "1090 - seed regulation and organization business permissions"
2026-05-30 11:49:16.721 [main] INFO  o.f.core.internal.command.DbMigrate [requestId=] - Migrating schema "grc" to version "1100 - drop resource acl entry"
2026-05-30 11:49:16.795 [main] INFO  o.f.core.internal.command.DbMigrate [requestId=] - Migrating schema "grc" to version "1110 - remove acl business permission"
2026-05-30 11:49:16.838 [main] INFO  o.f.core.internal.command.DbMigrate [requestId=] - Migrating schema "grc" to version "1120 - recreate resource acl entry"
2026-05-30 11:49:16.918 [main] INFO  o.f.core.internal.command.DbMigrate [requestId=] - Migrating schema "grc" to version "1130 - restore acl business permission"
2026-05-30 11:49:17.000 [main] INFO  o.f.core.internal.command.DbMigrate [requestId=] - Migrating schema "grc" to version "1140 - create organization process risk assignment"
2026-05-30 11:49:17.092 [main] INFO  o.f.core.internal.command.DbMigrate [requestId=] - Successfully applied 25 migrations to schema "grc", now at version v1140 (execution time 00:01.185s)
2026-05-30 11:49:18.623 [main] INFO  o.h.jpa.internal.util.LogHelper [requestId=] - HHH000204: Processing PersistenceUnitInfo [name: default]
2026-05-30 11:49:19.276 [main] INFO  org.hibernate.Version [requestId=] - HHH000412: Hibernate ORM core version 6.6.39.Final
2026-05-30 11:49:19.636 [main] INFO  o.h.c.i.RegionFactoryInitiator [requestId=] - HHH000026: Second-level cache disabled
2026-05-30 11:49:22.873 [main] INFO  o.s.o.j.p.SpringPersistenceUnitInfo [requestId=] - No LoadTimeWeaver setup: ignoring JPA class transformer
2026-05-30 11:49:23.551 [main] INFO  o.hibernate.orm.connections.pooling [requestId=] - HHH10001005: Database info:
	Database JDBC URL [Connecting through datasource 'HikariDataSource (HikariPool-1)']
	Database driver: undefined/unknown
	Database version: 16.14
	Autocommit mode: undefined/unknown
	Isolation level: undefined/unknown
	Minimum pool size: undefined/unknown
	Maximum pool size: undefined/unknown
2026-05-30 11:49:33.929 [main] INFO  o.h.e.t.j.p.i.JtaPlatformInitiator [requestId=] - HHH000489: No JTA platform available (set 'hibernate.transaction.jta.platform' to enable JTA platform integration)
2026-05-30 11:49:34.240 [main] INFO  o.s.o.j.LocalContainerEntityManagerFactoryBean [requestId=] - Initialized JPA EntityManagerFactory for persistence unit 'default'
2026-05-30 11:49:36.015 [main] INFO  o.s.d.j.r.query.QueryEnhancerFactory [requestId=] - Hibernate is in classpath; If applicable, HQL parser will be used.
2026-05-30 11:49:41.872 [main] INFO  o.s.s.c.a.a.c.InitializeUserDetailsBeanManagerConfigurer$InitializeUserDetailsManagerConfigurer [requestId=] - Global AuthenticationManager configured with UserDetailsService bean with name databaseUserDetailsService
2026-05-30 11:49:42.500 [main] INFO  c.d.g.common.security.SecurityConfig [requestId=] - Configuring Spring Security filter chain
2026-05-30 11:49:42.716 [main] INFO  o.s.b.a.w.s.WelcomePageHandlerMapping [requestId=] - Adding welcome page: class path resource [static/index.html]
2026-05-30 11:49:45.635 [main] INFO  c.d.grcpc.GrcpcApiApplicationTests [requestId=] - Started GrcpcApiApplicationTests in 54.778 seconds (process running for 61.134)
2026-05-30 11:49:46.881 [SpringApplicationShutdownHook] INFO  o.s.o.j.LocalContainerEntityManagerFactoryBean [requestId=] - Closing JPA EntityManagerFactory for persistence unit 'default'
2026-05-30 11:49:46.891 [SpringApplicationShutdownHook] INFO  com.zaxxer.hikari.HikariDataSource [requestId=] - HikariPool-1 - Shutdown initiated...
2026-05-30 11:49:46.896 [SpringApplicationShutdownHook] INFO  com.zaxxer.hikari.HikariDataSource [requestId=] - HikariPool-1 - Shutdown completed.
2026-05-30 11:51:34.635 [background-preinit] INFO  o.h.validator.internal.util.Version [requestId=] - HV000001: Hibernate Validator 8.0.3.Final
2026-05-30 11:51:34.918 [restartedMain] INFO  c.d.grcpc.GrcpcApiApplication [requestId=] - Starting GrcpcApiApplication using Java 21.0.7 with PID 65 (/workspace/grcpc-app/target/classes started by root in /workspace/grcpc-app)
2026-05-30 11:51:34.919 [restartedMain] DEBUG c.d.grcpc.GrcpcApiApplication [requestId=] - Running with Spring Boot v3.5.9, Spring v6.2.15
2026-05-30 11:51:34.921 [restartedMain] INFO  c.d.grcpc.GrcpcApiApplication [requestId=] - No active profile set, falling back to 1 default profile: "default"
2026-05-30 11:51:35.150 [restartedMain] INFO  o.s.b.d.restart.ChangeableUrls [requestId=] - The Class-Path manifest attribute in /root/.m2/repository/com/oracle/database/jdbc/ojdbc11/23.7.0.25.01/ojdbc11-23.7.0.25.01.jar referenced one or more files that do not exist: file:/root/.m2/repository/com/oracle/database/jdbc/ojdbc11/23.7.0.25.01/oraclepki.jar
2026-05-30 11:51:35.151 [restartedMain] INFO  o.s.b.d.e.DevToolsPropertyDefaultsPostProcessor [requestId=] - Devtools property defaults active! Set 'spring.devtools.add-properties' to 'false' to disable
2026-05-30 11:51:35.151 [restartedMain] INFO  o.s.b.d.e.DevToolsPropertyDefaultsPostProcessor [requestId=] - For additional web related logging consider setting the 'logging.level.web' property to 'DEBUG'
2026-05-30 11:51:45.999 [restartedMain] INFO  o.s.d.r.c.RepositoryConfigurationDelegate [requestId=] - Bootstrapping Spring Data JPA repositories in DEFAULT mode.
2026-05-30 11:51:50.689 [restartedMain] INFO  o.s.d.r.c.RepositoryConfigurationDelegate [requestId=] - Finished Spring Data repository scanning in 4647 ms. Found 27 JPA repository interfaces.
2026-05-30 11:51:55.065 [restartedMain] INFO  o.s.b.w.e.tomcat.TomcatWebServer [requestId=] - Tomcat initialized with port 8080 (http)
2026-05-30 11:51:55.120 [restartedMain] INFO  o.a.coyote.http11.Http11NioProtocol [requestId=] - Initializing ProtocolHandler ["http-nio-8080"]
2026-05-30 11:51:55.131 [restartedMain] INFO  o.a.catalina.core.StandardService [requestId=] - Starting service [Tomcat]
2026-05-30 11:51:55.132 [restartedMain] INFO  o.a.catalina.core.StandardEngine [requestId=] - Starting Servlet engine: [Apache Tomcat/10.1.50]
2026-05-30 11:51:55.421 [restartedMain] INFO  o.a.c.c.C.[Tomcat].[localhost].[/] [requestId=] - Initializing Spring embedded WebApplicationContext
2026-05-30 11:51:55.422 [restartedMain] INFO  o.s.b.w.s.c.ServletWebServerApplicationContext [requestId=] - Root WebApplicationContext: initialization completed in 20268 ms
2026-05-30 11:51:55.925 [restartedMain] INFO  com.zaxxer.hikari.HikariDataSource [requestId=] - HikariPool-1 - Starting...
2026-05-30 11:51:56.879 [restartedMain] INFO  com.zaxxer.hikari.pool.HikariPool [requestId=] - HikariPool-1 - Added connection org.postgresql.jdbc.PgConnection@125148e3
2026-05-30 11:51:56.894 [restartedMain] INFO  com.zaxxer.hikari.HikariDataSource [requestId=] - HikariPool-1 - Start completed.
2026-05-30 11:51:58.302 [restartedMain] INFO  org.flywaydb.core.FlywayExecutor [requestId=] - Database: jdbc:postgresql://grcpc-test-db:5432/grcpc?currentSchema=grc (PostgreSQL 16.14)
2026-05-30 11:51:58.968 [restartedMain] INFO  o.f.core.internal.command.DbValidate [requestId=] - Successfully validated 26 migrations (execution time 00:00.581s)
2026-05-30 11:51:59.008 [restartedMain] INFO  o.f.core.internal.command.DbMigrate [requestId=] - Current version of schema "grc": 1140
2026-05-30 11:51:59.014 [restartedMain] INFO  o.f.core.internal.command.DbMigrate [requestId=] - Schema "grc" is up to date. No migration necessary.
2026-05-30 11:52:00.228 [restartedMain] INFO  o.h.jpa.internal.util.LogHelper [requestId=] - HHH000204: Processing PersistenceUnitInfo [name: default]
2026-05-30 11:52:00.975 [restartedMain] INFO  org.hibernate.Version [requestId=] - HHH000412: Hibernate ORM core version 6.6.39.Final
2026-05-30 11:52:01.226 [restartedMain] INFO  o.h.c.i.RegionFactoryInitiator [requestId=] - HHH000026: Second-level cache disabled
2026-05-30 11:52:03.548 [restartedMain] INFO  o.s.o.j.p.SpringPersistenceUnitInfo [requestId=] - No LoadTimeWeaver setup: ignoring JPA class transformer
2026-05-30 11:52:04.204 [restartedMain] INFO  o.hibernate.orm.connections.pooling [requestId=] - HHH10001005: Database info:
	Database JDBC URL [Connecting through datasource 'HikariDataSource (HikariPool-1)']
	Database driver: undefined/unknown
	Database version: 16.14
	Autocommit mode: undefined/unknown
	Isolation level: undefined/unknown
	Minimum pool size: undefined/unknown
	Maximum pool size: undefined/unknown
2026-05-30 11:52:15.545 [restartedMain] INFO  o.h.e.t.j.p.i.JtaPlatformInitiator [requestId=] - HHH000489: No JTA platform available (set 'hibernate.transaction.jta.platform' to enable JTA platform integration)
2026-05-30 11:52:15.756 [restartedMain] INFO  o.s.o.j.LocalContainerEntityManagerFactoryBean [requestId=] - Initialized JPA EntityManagerFactory for persistence unit 'default'
2026-05-30 11:52:17.046 [restartedMain] INFO  o.s.d.j.r.query.QueryEnhancerFactory [requestId=] - Hibernate is in classpath; If applicable, HQL parser will be used.
2026-05-30 11:52:19.737 [restartedMain] INFO  o.s.s.c.a.a.c.InitializeUserDetailsBeanManagerConfigurer$InitializeUserDetailsManagerConfigurer [requestId=] - Global AuthenticationManager configured with UserDetailsService bean with name databaseUserDetailsService
2026-05-30 11:52:21.096 [restartedMain] DEBUG c.d.g.c.logging.RequestLoggingFilter [requestId=] - Filter 'requestLoggingFilter' configured for use
2026-05-30 11:52:23.987 [restartedMain] INFO  c.d.g.common.security.SecurityConfig [requestId=] - Configuring Spring Security filter chain
2026-05-30 11:52:24.227 [restartedMain] INFO  o.s.b.a.w.s.WelcomePageHandlerMapping [requestId=] - Adding welcome page: class path resource [static/index.html]
2026-05-30 11:52:42.549 [restartedMain] INFO  o.s.b.d.a.OptionalLiveReloadServer [requestId=] - LiveReload server is running on port 35729
2026-05-30 11:52:42.590 [restartedMain] INFO  o.a.coyote.http11.Http11NioProtocol [requestId=] - Starting ProtocolHandler ["http-nio-8080"]
2026-05-30 11:52:42.643 [restartedMain] INFO  o.s.b.w.e.tomcat.TomcatWebServer [requestId=] - Tomcat started on port 8080 (http) with context path '/'
2026-05-30 11:52:42.654 [restartedMain] INFO  c.d.grcpc.GrcpcApiApplication [requestId=] - Started GrcpcApiApplication in 71.185 seconds (process running for 74.555)
2026-05-30 11:52:42.996 [http-nio-8080-exec-1] INFO  o.a.c.c.C.[Tomcat].[localhost].[/] [requestId=] - Initializing Spring DispatcherServlet 'dispatcherServlet'
2026-05-30 11:52:42.997 [http-nio-8080-exec-1] INFO  o.s.web.servlet.DispatcherServlet [requestId=] - Initializing Servlet 'dispatcherServlet'
2026-05-30 11:52:42.999 [http-nio-8080-exec-1] INFO  o.s.web.servlet.DispatcherServlet [requestId=] - Completed initialization in 2 ms
2026-05-30 11:52:43.146 [http-nio-8080-exec-1] INFO  c.d.g.c.logging.RequestLoggingFilter [requestId=d1b8ac0b-32dd-440c-8764-902ce0b42b0d] - Incoming request. method=GET, uri=/api/setup/status, query=null, remoteAddr=172.18.0.1
2026-05-30 11:52:43.194 [http-nio-8080-exec-1] DEBUG c.d.g.m.setup.api.SetupController [requestId=d1b8ac0b-32dd-440c-8764-902ce0b42b0d] - HTTP GET /api/setup/status
2026-05-30 11:52:43.506 [http-nio-8080-exec-1] DEBUG c.d.g.m.s.a.SetupQueryService [requestId=d1b8ac0b-32dd-440c-8764-902ce0b42b0d] - Setup status requested. initialized=false
2026-05-30 11:52:43.508 [http-nio-8080-exec-1] DEBUG c.d.g.c.l.ApplicationLoggingAspect [requestId=d1b8ac0b-32dd-440c-8764-902ce0b42b0d] - Completed SetupQueryService.getStatus in 312 ms
2026-05-30 11:52:43.509 [http-nio-8080-exec-1] DEBUG c.d.g.c.l.ApplicationLoggingAspect [requestId=d1b8ac0b-32dd-440c-8764-902ce0b42b0d] - Completed SetupController.getStatus in 314 ms
2026-05-30 11:52:43.649 [http-nio-8080-exec-1] INFO  c.d.g.c.logging.RequestLoggingFilter [requestId=d1b8ac0b-32dd-440c-8764-902ce0b42b0d] - Completed request. method=GET, uri=/api/setup/status, status=200, durationMs=503
2026-05-30 11:53:39.551 [http-nio-8080-exec-3] INFO  c.d.g.c.logging.RequestLoggingFilter [requestId=1f811196-f50f-424d-9d37-c5cc367c0a4b] - Incoming request. method=GET, uri=/api/setup/status, query=null, remoteAddr=172.18.0.1
2026-05-30 11:53:39.563 [http-nio-8080-exec-3] DEBUG c.d.g.m.setup.api.SetupController [requestId=1f811196-f50f-424d-9d37-c5cc367c0a4b] - HTTP GET /api/setup/status
2026-05-30 11:53:39.641 [http-nio-8080-exec-3] DEBUG c.d.g.m.s.a.SetupQueryService [requestId=1f811196-f50f-424d-9d37-c5cc367c0a4b] - Setup status requested. initialized=false
2026-05-30 11:53:39.646 [http-nio-8080-exec-3] DEBUG c.d.g.c.l.ApplicationLoggingAspect [requestId=1f811196-f50f-424d-9d37-c5cc367c0a4b] - Completed SetupQueryService.getStatus in 46 ms
2026-05-30 11:53:39.656 [http-nio-8080-exec-3] DEBUG c.d.g.c.l.ApplicationLoggingAspect [requestId=1f811196-f50f-424d-9d37-c5cc367c0a4b] - Completed SetupController.getStatus in 93 ms
2026-05-30 11:53:39.693 [http-nio-8080-exec-3] INFO  c.d.g.c.logging.RequestLoggingFilter [requestId=1f811196-f50f-424d-9d37-c5cc367c0a4b] - Completed request. method=GET, uri=/api/setup/status, status=200, durationMs=142
2026-05-30 11:53:40.003 [http-nio-8080-exec-4] INFO  c.d.g.c.logging.RequestLoggingFilter [requestId=23744135-0ad0-4e72-b6de-22f5b28f940c] - Incoming request. method=GET, uri=/api/auth/me, query=null, remoteAddr=172.18.0.1
2026-05-30 11:53:40.066 [http-nio-8080-exec-4] DEBUG c.d.g.c.l.ApplicationLoggingAspect [requestId=23744135-0ad0-4e72-b6de-22f5b28f940c] - Completed AuthController.me in 41 ms
2026-05-30 11:53:40.127 [http-nio-8080-exec-4] INFO  c.d.g.c.logging.RequestLoggingFilter [requestId=23744135-0ad0-4e72-b6de-22f5b28f940c] - Completed request. method=GET, uri=/api/auth/me, status=200, durationMs=124
